loading app ryu_uni_controller.py
loading app ryu.controller.ofp_handler
instantiating app ryu_uni_controller.py of MycoUniversalController
instantiating app ryu.controller.ofp_handler of OFPHandler
Time(s), CPU(%), RAM(MB), Strategy, Proxy_Active, Under_Attack
Successfully patched eventlet.wsgi.ALREADY_HANDLED
2.01, 0.0, 54.63, SWAP, NO, NO
4.04, 0.0, 54.63, SWAP, NO, NO
6.06, 0.0, 54.63, SWAP, NO, NO
8.11, 0.0, 54.63, SWAP, NO, NO
10.15, 0.5, 54.63, SWAP, NO, NO
12.18, 0.5, 54.63, SWAP, NO, NO
11.29, 0.0, 54.63, SWAP, NO, NO
13.30, 0.0, 54.63, SWAP, NO, NO
15.33, 0.0, 54.63, SWAP, NO, NO
17.36, 0.0, 54.63, SWAP, NO, NO
19.39, 0.0, 54.75, SWAP, NO, NO
21.40, 0.0, 54.75, SWAP, NO, NO
23.46, 0.0, 54.75, SWAP, NO, NO
25.50, 0.0, 54.75, SWAP, NO, NO
27.53, 0.0, 54.75, SWAP, NO, NO
29.55, 0.0, 54.75, SWAP, NO, NO
31.55, 0.0, 54.75, SWAP, NO, NO
33.56, 0.5, 54.75, SWAP, NO, NO
35.59, 0.0, 54.75, SWAP, NO, NO
37.61, 0.0, 54.75, SWAP, NO, NO
39.62, 0.0, 54.75, SWAP, NO, NO
41.62, 0.0, 54.75, SWAP, NO, NO
43.64, 0.0, 54.75, SWAP, NO, NO
42.64, 0.5, 54.75, SWAP, NO, NO
44.66, 0.0, 54.75, SWAP, NO, NO
46.67, 0.0, 54.75, SWAP, NO, NO
48.72, 0.0, 54.75, SWAP, NO, NO
50.76, 0.0, 54.75, SWAP, NO, NO
52.78, 0.0, 54.75, SWAP, NO, NO
54.79, 0.0, 54.75, SWAP, NO, NO
56.83, 0.0, 54.75, SWAP, NO, NO
58.87, 0.5, 54.75, SWAP, NO, NO
60.88, 0.0, 54.75, SWAP, NO, NO
62.94, 0.0, 54.75, SWAP, NO, NO
65.02, 0.0, 54.75, SWAP, NO, NO
67.08, 0.5, 54.75, SWAP, NO, NO
69.09, 0.0, 54.75, SWAP, NO, NO
71.10, 0.0, 54.75, SWAP, NO, NO
73.10, 0.0, 54.75, SWAP, NO, NO
72.19, 0.0, 54.75, SWAP, NO, NO
74.22, 0.0, 54.75, SWAP, NO, NO
76.26, 0.5, 54.75, SWAP, NO, NO
78.29, 0.0, 54.75, SWAP, NO, NO
80.32, 0.5, 54.75, SWAP, NO, NO
82.34, 0.0, 54.75, SWAP, NO, NO
84.46, 0.0, 54.75, SWAP, NO, NO
86.58, 0.0, 54.88, SWAP, NO, NO
88.58, 0.0, 54.88, SWAP, NO, NO
90.67, 0.0, 54.88, SWAP, NO, NO
92.71, 0.0, 54.88, SWAP, NO, NO
94.73, 0.0, 54.88, SWAP, NO, NO
96.74, 0.0, 54.88, SWAP, NO, NO
98.75, 0.0, 54.88, SWAP, NO, NO
100.79, 0.0, 54.88, SWAP, NO, NO
102.79, 0.0, 54.88, SWAP, NO, NO
101.80, 0.5, 54.88, SWAP, NO, NO
103.99, 0.0, 54.88, SWAP, NO, NO
106.01, 0.0, 54.88, SWAP, NO, NO
108.14, 0.0, 54.88, SWAP, NO, NO
110.17, 0.0, 54.88, SWAP, NO, NO
112.20, 0.0, 54.88, SWAP, NO, NO
114.24, 0.0, 54.88, SWAP, NO, NO
116.26, 0.0, 54.88, SWAP, NO, NO
118.31, 0.0, 54.88, SWAP, NO, NO
120.33, 0.0, 54.88, SWAP, NO, NO
122.35, 0.0, 54.88, SWAP, NO, NO
124.36, 0.0, 54.88, SWAP, NO, NO
126.36, 0.0, 54.88, SWAP, NO, NO
128.38, 0.5, 54.88, SWAP, NO, NO
130.41, 0.0, 54.88, SWAP, NO, NO
129.52, 0.0, 54.88, SWAP, NO, NO
131.54, 0.0, 54.88, SWAP, NO, NO
133.57, 0.0, 54.88, SWAP, NO, NO
135.65, 0.0, 54.88, SWAP, NO, NO
137.85, 0.0, 54.88, SWAP, NO, NO
139.94, 0.0, 54.88, SWAP, NO, NO
142.04, 0.0, 54.88, SWAP, NO, NO
144.06, 0.0, 54.88, SWAP, NO, NO
146.11, 0.5, 54.88, SWAP, NO, NO
148.14, 0.0, 54.88, SWAP, NO, NO
150.18, 0.5, 54.88, SWAP, NO, NO
152.32, 0.0, 54.88, SWAP, NO, NO
154.35, 0.0, 54.88, SWAP, NO, NO
156.50, 0.0, 54.88, SWAP, NO, NO
158.56, 0.0, 54.88, SWAP, NO, NO
160.66, 0.0, 54.88, SWAP, NO, NO
159.89, 0.0, 54.88, SWAP, NO, NO
161.96, 0.0, 54.88, SWAP, NO, NO
163.97, 0.0, 54.88, SWAP, NO, NO
165.97, 0.0, 54.88, SWAP, NO, NO
167.97, 0.0, 54.88, SWAP, NO, NO
170.06, 0.5, 54.88, SWAP, NO, NO
172.07, 0.0, 54.88, SWAP, NO, NO
174.08, 0.0, 54.88, SWAP, NO, NO
176.11, 0.0, 54.88, SWAP, NO, NO
178.11, 0.0, 54.88, SWAP, NO, NO
180.14, 0.5, 54.88, SWAP, NO, NO
182.23, 0.0, 54.88, SWAP, NO, NO
184.23, 0.0, 54.88, SWAP, NO, NO
186.27, 0.0, 54.88, SWAP, NO, NO
188.30, 0.0, 54.88, SWAP, NO, NO
190.30, 0.0, 54.88, SWAP, NO, NO
189.40, 0.0, 54.88, SWAP, NO, NO
191.41, 0.5, 54.88, SWAP, NO, NO
193.44, 0.0, 54.88, SWAP, NO, NO
195.44, 0.0, 54.88, SWAP, NO, NO
197.45, 0.0, 54.88, SWAP, NO, NO
199.45, 0.0, 54.88, SWAP, NO, NO
201.46, 0.0, 54.88, SWAP, NO, NO
203.46, 0.0, 54.88, SWAP, NO, NO
205.47, 0.0, 54.88, SWAP, NO, NO
207.48, 0.5, 54.88, SWAP, NO, NO
209.50, 0.0, 54.88, SWAP, NO, NO
211.52, 0.0, 54.88, SWAP, NO, NO
213.53, 0.0, 54.88, SWAP, NO, NO
215.58, 0.0, 54.88, SWAP, NO, NO
217.63, 0.0, 54.88, SWAP, NO, NO
219.66, 0.0, 54.88, SWAP, NO, NO
218.74, 0.0, 54.88, SWAP, NO, NO
220.76, 0.5, 54.88, SWAP, NO, NO
222.78, 0.0, 54.88, SWAP, NO, NO
224.78, 0.0, 54.88, SWAP, NO, NO
226.81, 0.0, 54.88, SWAP, NO, NO
228.83, 0.0, 54.88, SWAP, NO, NO
230.86, 0.0, 54.88, SWAP, NO, NO
232.94, 0.0, 54.88, SWAP, NO, NO
235.01, 0.0, 54.88, SWAP, NO, NO
237.16, 0.0, 54.88, SWAP, NO, NO
239.17, 0.5, 54.88, SWAP, NO, NO
241.22, 0.0, 54.88, SWAP, NO, NO
243.30, 0.0, 54.88, SWAP, NO, NO
245.39, 0.0, 54.88, SWAP, NO, NO
247.54, 0.0, 54.88, SWAP, NO, NO
249.57, 0.0, 54.88, SWAP, NO, NO
248.72, 0.0, 54.88, SWAP, NO, NO
250.83, 0.0, 54.88, SWAP, NO, NO
252.85, 0.0, 54.88, SWAP, NO, NO
254.93, 0.0, 54.88, SWAP, NO, NO
256.99, 0.5, 54.88, SWAP, NO, NO
259.10, 0.0, 54.88, SWAP, NO, NO
261.11, 0.0, 54.88, SWAP, NO, NO
263.12, 0.5, 54.88, SWAP, NO, NO
265.32, 0.0, 54.88, SWAP, NO, NO
267.35, 0.0, 54.88, SWAP, NO, NO
269.51, 0.0, 54.88, SWAP, NO, NO
271.52, 0.0, 54.88, SWAP, NO, NO
273.60, 0.0, 54.88, SWAP, NO, NO
275.65, 0.0, 54.88, SWAP, NO, NO
277.66, 0.0, 54.88, SWAP, NO, NO
279.73, 0.5, 54.88, SWAP, NO, NO
278.76, 0.0, 54.88, SWAP, NO, NO
280.84, 0.0, 54.88, SWAP, NO, NO
282.93, 0.0, 54.88, SWAP, NO, NO
284.93, 0.0, 54.88, SWAP, NO, NO
286.97, 0.0, 54.88, SWAP, NO, NO
289.00, 0.0, 54.88, SWAP, NO, NO
291.02, 0.0, 54.88, SWAP, NO, NO
293.03, 0.0, 54.88, SWAP, NO, NO
295.03, 0.0, 54.88, SWAP, NO, NO
297.14, 0.0, 54.88, SWAP, NO, NO
299.14, 0.0, 54.88, SWAP, NO, NO
301.18, 0.0, 54.88, SWAP, NO, NO
303.22, 0.0, 54.88, SWAP, NO, NO
305.25, 0.5, 54.88, SWAP, NO, NO
307.28, 0.0, 54.88, SWAP, NO, NO
309.28, 0.0, 54.88, SWAP, NO, NO
308.46, 0.0, 54.88, SWAP, NO, NO
310.47, 0.0, 54.88, SWAP, NO, NO
312.51, 0.0, 54.88, SWAP, NO, NO
314.52, 0.0, 54.88, SWAP, NO, NO
316.61, 0.0, 54.88, SWAP, NO, NO
318.77, 0.0, 54.88, SWAP, NO, NO
320.77, 0.0, 54.88, SWAP, NO, NO
322.81, 0.0, 54.88, SWAP, NO, NO
324.85, 0.0, 54.88, SWAP, NO, NO
326.85, 0.5, 54.88, SWAP, NO, NO
328.85, 0.0, 54.88, SWAP, NO, NO
330.86, 0.0, 54.88, SWAP, NO, NO
332.96, 0.0, 54.88, SWAP, NO, NO
335.05, 0.0, 54.88, SWAP, NO, NO
337.10, 0.5, 54.88, SWAP, NO, NO
339.10, 0.0, 54.88, SWAP, NO, NO
